<?xml version="1.0" encoding="UTF-8"?>
<!-- Generated by org.testng.reporters.JUnitXMLReporter -->
<testsuite hostname="DevdasC" ignored="0" name="Default test" tests="2" failures="0" timestamp="29 Sep 2019 20:09:53 GMT" time="26.782" errors="0">
  <testcase name="navigationTest" time="8.43" classname="com.automation.SeleniumScreenRecorderATU.DemoTest"/>
  <testcase name="navigationTest2" time="4.439" classname="com.automation.SeleniumScreenRecorderATU.DemoTest"/>
</testsuite> <!-- Default test -->
